[Licensing::Module] Trying to connect to existing licensing client channel...
Built from '6000.3/staging' branch; Version is '6000.3.15f1 (c1aa84e375f6) revision 12692100'; Using compiler version '194234433'; Build Type 'Release'
OS: 'Windows 11  (10.0.26200) Core' Language: 'en' Physical Memory: 16087 MB
[Licensing::IpcConnector] Successfully connected to: "LicenseClient-leafy" at "2026-05-27T00:53:38.6069043Z"
BatchMode: 1, IsHumanControllingUs: 0, StartBugReporterOnCrash: 0, Is64bit: 1
System  architecture: x64
Process architecture: x64
Date: 2026-05-27T00:53:38Z

COMMAND LINE ARGUMENTS:
D:\Unity\6000.3.15f1\Editor\Unity.exe
-adb2
-batchMode
-noUpm
-name
AssetImportWorker1
-projectPath
D:/Github/IGB101---A3
-logFile
Logs/AssetImportWorker1.log
-srvPort
58510
-licensingIpc
LicenseClient-leafy
-job-worker-count
5
-background-job-worker-count
8
-gc-helper-count
1
-name
AssetImport
Successfully changed project path to: D:/Github/IGB101---A3
D:/Github/IGB101---A3
[UnityMemory] Configuration Parameters - Can be set up in boot.config
    "memorysetup-temp-allocator-size-nav-mesh-worker=65536"
    "memorysetup-temp-allocator-size-audio-worker=65536"
    "memorysetup-temp-allocator-size-gfx=262144"
    "memorysetup-allocator-temp-initial-block-size-main=262144"
    "memorysetup-allocator-temp-initial-block-size-worker=262144"
    "memorysetup-temp-allocator-size-background-worker=32768"
    "memorysetup-temp-allocator-size-job-worker=262144"
    "memorysetup-temp-allocator-size-preload-manager=33554432"
    "memorysetup-temp-allocator-size-gi-baking-worker=262144"
    "memorysetup-temp-allocator-size-gi-baking-worker=262144"
    "memorysetup-temp-allocator-size-gi-baking-worker=262144"
    "memorysetup-temp-allocator-size-gi-baking-worker=262144"
    "memorysetup-temp-allocator-size-gi-baking-worker=262144"
    "memorysetup-bucket-allocator-granularity=16"
    "memorysetup-bucket-allocator-bucket-count=8"
    "memorysetup-bucket-allocator-block-size=33554432"
    "memorysetup-bucket-allocator-block-count=8"
    "memorysetup-main-allocator-block-size=16777216"
    "memorysetup-thread-allocator-block-size=16777216"
    "memorysetup-gfx-main-allocator-block-size=16777216"
    "memorysetup-gfx-thread-allocator-block-size=16777216"
    "memorysetup-cache-allocator-block-size=4194304"
    "memorysetup-typetree-allocator-block-size=2097152"
    "memorysetup-profiler-bucket-allocator-granularity=16"
    "memorysetup-profiler-bucket-allocator-bucket-count=8"
    "memorysetup-profiler-bucket-allocator-block-size=33554432"
    "memorysetup-profiler-bucket-allocator-block-count=8"
    "memorysetup-profiler-allocator-block-size=16777216"
    "memorysetup-profiler-editor-allocator-block-size=1048576"
    "memorysetup-temp-allocator-size-main=16777216"
    "memorysetup-job-temp-allocator-block-size=2097152"
    "memorysetup-job-temp-allocator-block-size-background=1048576"
    "memorysetup-job-temp-allocator-reduction-small-platforms=262144"
    "memorysetup-temp-allocator-size-cloud-worker=32768"
Player connection [29464]  Target information:

Player connection [29464]  * "[IP] 10.88.39.247 [Port] 0 [Flags] 2 [Guid] 2792757795 [EditorId] 2792757795 [Version] 1048832 [Id] WindowsEditor(7,floolf) [Debug] 1 [PackageName] WindowsEditor [ProjectName] Editor" 

Player connection [29464] Host joined multi-casting on [225.0.0.222:54997]...
Player connection [29464] Host joined alternative multi-casting on [225.0.0.222:34997]...
JobSystem: Creating JobQueue using job-worker-count value 5
Input System module state changed to: Initialized.
[Physics::Module] Initialized fallback backend.
[Physics::Module] Id: 0xdecafbad
Library Redirect Path: Library/
[Physics::Module] Selected backend.
[Physics::Module] Name: PhysX
[Physics::Module] Id: 0xf2b8ea05
[Physics::Module] SDK Version: 4.1.2
[Physics::Module] Integration Version: 1.0.0
[Physics::Module] Threading Mode: Multi-Threaded
Refreshing native plugins compatible for Editor in 656.45 ms, found 4 plugins.
Preloading 0 native plugins for Editor in 0.00 ms.
Initialize engine version: 6000.3.15f1 (c1aa84e375f6)
[Subsystems] Discovering subsystems at path D:/Unity/6000.3.15f1/Editor/Data/Resources/UnitySubsystems
[Subsystems] Discovering subsystems at path D:/Github/IGB101---A3/Assets
GfxDevice: creating device client; kGfxThreadingModeNonThreaded
Direct3D:
    Version:  Direct3D 11.0 [level 11.1]
    Renderer: Intel(R) Iris(R) Xe Graphics (ID=0xa7a1)
    Vendor:   Intel
    VRAM:     8043 MB
    Driver:   32.0.101.6989
Initialize mono
Mono path[0] = 'D:/Unity/6000.3.15f1/Editor/Data/Managed'
Mono path[1] = 'D:/Unity/6000.3.15f1/Editor/Data/MonoBleedingEdge/lib/mono/unityjit-win32'
Mono config path = 'D:/Unity/6000.3.15f1/Editor/Data/MonoBleedingEdge/etc'
Using monoOptions --debugger-agent=transport=dt_socket,embedding=1,server=y,suspend=n,address=127.0.0.1:56800
Begin MonoManager ReloadAssembly
[Licensing::Client] Error: HandshakeResponse reported an error:
	ResponseCode: 505
	ResponseStatus: Unsupported protocol version '1.18.1'.
[Licensing::Module] Error: Failed to handshake to channel: "LicenseClient-leafy"
[Licensing::IpcConnector] LicenseClient-leafy channel disconnected successfully.
[Licensing::IpcConnector] Successfully connected to: "LicenseClient-leafy-6000.3.15" at "2026-05-27T00:53:55.5161108Z"
[Licensing::Client] Code 10 while verifying Licensing Client signature (process Id: 29264, path: "D:/Unity/6000.3.15f1/Editor/Data/Resources/Licensing/Client/Unity.Licensing.Client.exe")
[Licensing::Module] LicensingClient has failed validation; ignoring
[Licensing::Client] Handshaking with LicensingClient:
  Version:                 1.18.1+9fbee8e
  Session Id:              3aac7ae2479b4fba9c86d8f771b80cf0
  Correlation Id:          79e33f0d98dc3cf81e9f1c22d8dc6b66
  External correlation Id: 1853425686456491449
  Machine Id:              I9PH9Thx+NSnaOsbEDmNzypGoRo=
[Licensing::Module] Successfully connected to LicensingClient on channel: "LicenseClient-leafy-6000.3.15" (connect: 0.01s, validation: 0.00s, handshake: 0.09s)
[Licensing::IpcConnector] Successfully connected to: "LicenseClient-leafy-6000.3.15-notifications" at "2026-05-27T00:53:55.6082901Z"
[Licensing::Module] Licensing Background thread has ended after 17.00s
Registering precompiled unity dll's ...
Register platform support module: D:/Unity/6000.3.15f1/Editor/Data/PlaybackEngines/WindowsStandaloneSupport/UnityEditor.WindowsStandalone.Extensions.dll
Registered in 0.930726 seconds.
- Loaded All Assemblies, in 34.156 seconds
Native extension for WindowsStandalone target not found
Package Manager log level set to [2]
[Package Manager] Failed to launch server process. Reason: Unity was launched with the -noUpm command-line argument
[Package Manager] Unable to send message (not connected to server process).
[Package Manager] Cannot connect to Unity Package Manager local server
ScheduleIndexationOnStartup MainProcess:False IndexOnStartup:True
Mono: successfully reloaded assembly
- Finished resetting the current domain, in  0.854 seconds
Domain Reload Profiling: 35009ms
	BeginReloadAssembly (26917ms)
		ExecutionOrderSort (0ms)
		DisableScriptedObjects (0ms)
		BackupInstance (0ms)
		ReleaseScriptingObjects (0ms)
		CreateAndSetChildDomain (2ms)
	RebuildCommonClasses (1788ms)
	RebuildNativeTypeToScriptingClass (16ms)
	initialDomainReloadingComplete (1013ms)
	LoadAllAssembliesAndSetupDomain (4421ms)
		LoadAssemblies (26914ms)
		RebuildTransferFunctionScriptingTraits (0ms)
		AnalyzeDomain (4415ms)
			TypeCache.Refresh (4411ms)
				TypeCache.ScanAssembly (3530ms)
			BuildScriptInfoCaches (0ms)
			ResolveRequiredComponents (1ms)
	FinalizeReload (855ms)
		ReleaseScriptCaches (0ms)
		RebuildScriptCaches (0ms)
		SetupLoadedEditorAssemblies (791ms)
			LogAssemblyErrors (0ms)
			InitializePlatformSupportModulesInManaged (81ms)
			SetLoadedEditorAssemblies (7ms)
			BeforeProcessingInitializeOnLoad (181ms)
			ProcessInitializeOnLoadAttributes (348ms)
			ProcessInitializeOnLoadMethodAttributes (173ms)
			AfterProcessingInitializeOnLoad (0ms)
			EditorAssembliesLoaded (0ms)
		ExecutionOrderSort2 (0ms)
		AwakeInstancesAfterBackupRestoration (0ms)
========================================================================
Worker process is ready to serve import requests
Import Worker Mode flag is 0x00
Begin MonoManager ReloadAssembly
[Licensing::Client] Successfully resolved entitlement details
[Licensing::Module] License group:
  Id: 16768080950810-UnityPersXXXX
  Product: Unity Personal
  Type: Assigned
  Expiration: Unlimited
- Loaded All Assemblies, in 49.576 seconds
Refreshing native plugins compatible for Editor in 310.52 ms, found 4 plugins.
Native extension for WindowsStandalone target not found
[Package Manager] Failed to launch server process. Reason: Unity was launched with the -noUpm command-line argument
[Package Manager] Unable to send message (not connected to server process).
[Package Manager] Cannot connect to Unity Package Manager local server
Refreshing native plugins compatible for Editor in 109.51 ms, found 4 plugins.
[Package Manager] Failed to launch server process. Reason: Unity was launched with the -noUpm command-line argument
[Package Manager] Unable to send message (not connected to server process).
[Package Manager] Cannot connect to Unity Package Manager local server
[MODES] ModeService[none].Initialize
[MODES] ModeService[none].LoadModes
[MODES] Loading mode Default (0) for mode-current-id-IGB101_Group12
ScheduleIndexationOnStartup MainProcess:False IndexOnStartup:True
Mono: successfully reloaded assembly
- Finished resetting the current domain, in 30.759 seconds
Domain Reload Profiling: 80332ms
	BeginReloadAssembly (306ms)
		ExecutionOrderSort (0ms)
		DisableScriptedObjects (7ms)
		BackupInstance (0ms)
		ReleaseScriptingObjects (0ms)
		CreateAndSetChildDomain (47ms)
	RebuildCommonClasses (59ms)
	RebuildNativeTypeToScriptingClass (20ms)
	initialDomainReloadingComplete (54ms)
	LoadAllAssembliesAndSetupDomain (49134ms)
		LoadAssemblies (46751ms)
		RebuildTransferFunctionScriptingTraits (0ms)
		AnalyzeDomain (2559ms)
			TypeCache.Refresh (2380ms)
				TypeCache.ScanAssembly (2346ms)
			BuildScriptInfoCaches (144ms)
			ResolveRequiredComponents (23ms)
	FinalizeReload (30759ms)
		ReleaseScriptCaches (0ms)
		RebuildScriptCaches (0ms)
		SetupLoadedEditorAssemblies (5452ms)
			LogAssemblyErrors (0ms)
			InitializePlatformSupportModulesInManaged (5ms)
			SetLoadedEditorAssemblies (11ms)
			BeforeProcessingInitializeOnLoad (354ms)
			ProcessInitializeOnLoadAttributes (4784ms)
			ProcessInitializeOnLoadMethodAttributes (290ms)
			AfterProcessingInitializeOnLoad (7ms)
			EditorAssembliesLoaded (0ms)
		ExecutionOrderSort2 (0ms)
		AwakeInstancesAfterBackupRestoration (25ms)
Launched and connected shader compiler UnityShaderCompiler.exe after 0.85 seconds
Refreshing native plugins compatible for Editor in 2.05 ms, found 4 plugins.
Preloading 0 native plugins for Editor in 0.00 ms.
Unloading 65 Unused Serialized files (Serialized files now loaded: 0)
Unloading 6884 unused Assets / (14.1 MB). Loaded Objects now: 7615.
Memory consumption went from 161.7 MB to 147.6 MB.
Total: 26.701200 ms (FindLiveObjects: 1.542600 ms CreateObjectMapping: 1.354500 ms MarkObjects: 11.020300 ms  DeleteObjects: 12.781400 ms)

========================================================================
Received Prepare
Refreshing native plugins compatible for Editor in 1.43 ms, found 4 plugins.
Preloading 0 native plugins for Editor in 0.00 ms.
Unloading 65 Unused Serialized files (Serialized files now loaded: 0)
Unloading 65 unused Assets / (5.4 MB). Loaded Objects now: 7615.
Memory consumption went from 153.5 MB to 148.1 MB.
Total: 15.870700 ms (FindLiveObjects: 0.508700 ms CreateObjectMapping: 0.287800 ms MarkObjects: 11.821700 ms  DeleteObjects: 3.249800 ms)

Prepare: number of updated asset objects reloaded= 1
========================================================================
Received Import Request.
  Time since last request: 334208.485380 seconds.
  path: Assets/James/Materials & Textures/New Material.mat
  artifactKey: Guid(04fb57a80ed08e94a897a35b694b3c36) Importer(815301076,1909f56bfc062723c751e8b465ee728b)
Start importing Assets/James/Materials & Textures/New Material.mat using Guid(04fb57a80ed08e94a897a35b694b3c36) Importer(815301076,1909f56bfc062723c751e8b465ee728b) (PreviewImporter) -> (artifact id: '34e1b74dede97a012175ceeeda39911d') in 11.4375964 seconds
Number of updated asset objects reloaded before import = 0Number of asset objects unloaded after import = 3

========================================================================
Received Import Request.
  Time since last request: 0.000074 seconds.
  path: Assets/James/Materials & Textures/Materials
  artifactKey: Guid(a4bac799d48eb8544b880fc359cc61b3) Importer(815301076,1909f56bfc062723c751e8b465ee728b)
Start importing Assets/James/Materials & Textures/Materials using Guid(a4bac799d48eb8544b880fc359cc61b3) Importer(815301076,1909f56bfc062723c751e8b465ee728b) (PreviewImporter) -> (artifact id: '00c3fbc09ceb618fadd6377b6463d9dd') in 0.0995286 seconds
Number of updated asset objects reloaded before import = 0Number of asset objects unloaded after import = 0

========================================================================
Received Import Request.
  Time since last request: 0.000059 seconds.
  path: Assets/James/Materials & Textures/Wood.mat
  artifactKey: Guid(d4a3ae451b5554845b96b5fd13bf14e3) Importer(815301076,1909f56bfc062723c751e8b465ee728b)
Start importing Assets/James/Materials & Textures/Wood.mat using Guid(d4a3ae451b5554845b96b5fd13bf14e3) Importer(815301076,1909f56bfc062723c751e8b465ee728b) (PreviewImporter) -> (artifact id: 'afe9cdf7e37aa3d65b68b2c66c925aec') in 0.2040543 seconds
Number of updated asset objects reloaded before import = 0Number of asset objects unloaded after import = 2

========================================================================
Received Import Request.
  Time since last request: 0.000041 seconds.
  path: Assets/James/Materials & Textures/wood texture seemless.png
  artifactKey: Guid(5c3fa0ba9be472649844a2ef4ecc9bed) Importer(815301076,1909f56bfc062723c751e8b465ee728b)
Start importing Assets/James/Materials & Textures/wood texture seemless.png using Guid(5c3fa0ba9be472649844a2ef4ecc9bed) Importer(815301076,1909f56bfc062723c751e8b465ee728b) (PreviewImporter) -> (artifact id: '1b9288786b8bf02d6b7195e7b9fae820') in 0.5749951 seconds
Number of updated asset objects reloaded before import = 0Number of asset objects unloaded after import = 2

========================================================================
Received Import Request.
  Time since last request: 0.000055 seconds.
  path: Assets/James/Materials & Textures/Transp Coat of Arms.png
  artifactKey: Guid(27bc065e9b4bdd340a16924913d7710b) Importer(815301076,1909f56bfc062723c751e8b465ee728b)
Start importing Assets/James/Materials & Textures/Transp Coat of Arms.png using Guid(27bc065e9b4bdd340a16924913d7710b) Importer(815301076,1909f56bfc062723c751e8b465ee728b) (PreviewImporter) -> (artifact id: 'c4222b2796890e80d16026f7fbe28048') in 0.14811 seconds
Number of updated asset objects reloaded before import = 0Number of asset objects unloaded after import = 2

========================================================================
Received Import Request.
  Time since last request: 0.000048 seconds.
  path: Assets/James/Materials & Textures
  artifactKey: Guid(ca956a4f6cd0d2b42aaf9b0f9e6c009e) Importer(815301076,1909f56bfc062723c751e8b465ee728b)
Start importing Assets/James/Materials & Textures using Guid(ca956a4f6cd0d2b42aaf9b0f9e6c009e) Importer(815301076,1909f56bfc062723c751e8b465ee728b) (PreviewImporter) -> (artifact id: '39f3bddd03f86e589cb18f3cd64aab3a') in 0.0404359 seconds
Number of updated asset objects reloaded before import = 0Number of asset objects unloaded after import = 0

========================================================================
Received Import Request.
  Time since last request: 0.000053 seconds.
  path: Assets/James/Materials & Textures/Materials/Transp Coat of Arms.mat
  artifactKey: Guid(9cedeb9953963e545a7f26eaf6b7313d) Importer(815301076,1909f56bfc062723c751e8b465ee728b)
Start importing Assets/James/Materials & Textures/Materials/Transp Coat of Arms.mat using Guid(9cedeb9953963e545a7f26eaf6b7313d) Importer(815301076,1909f56bfc062723c751e8b465ee728b) (PreviewImporter) -> (artifact id: '1144c28b375570d443c57800fadb6e78') in 0.2018977 seconds
Number of updated asset objects reloaded before import = 0Number of asset objects unloaded after import = 2

Editor requested this worker to shutdown with reason: Scaling down because of idle timeout
AssetImportWorkerClient::OnTransportError - code=2 error=End of file
AssetImportWorker is now disconnected from the server
Process exiting
Exiting without the bug reporter. Application will terminate with return code 0