[Licensing::Module] Trying to connect to existing licensing client channel...
Built from '6000.3/staging' branch; Version is '6000.3.15f1 (c1aa84e375f6) revision 12692100'; Using compiler version '194234433'; Build Type 'Release'
OS: 'Windows 11  (10.0.26200) Core' Language: 'en' Physical Memory: 16087 MB
BatchMode: 1, IsHumanControllingUs: 0, StartBugReporterOnCrash: 0, Is64bit: 1
[Licensing::IpcConnector] Successfully connected to: "LicenseClient-leafy" at "2026-05-27T06:37:35.9269731Z"
System  architecture: x64
Process architecture: x64
Date: 2026-05-27T06:37:35Z

COMMAND LINE ARGUMENTS:
D:\Unity\6000.3.15f1\Editor\Unity.exe
-adb2
-batchMode
-noUpm
-name
AssetImportWorker2
-projectPath
D:/Github/IGB101---A3
-logFile
Logs/AssetImportWorker2.log
-srvPort
63228
-licensingIpc
LicenseClient-leafy
-job-worker-count
5
-background-job-worker-count
8
-gc-helper-count
1
-name
AssetImport
Successfully changed project path to: D:/Github/IGB101---A3
D:/Github/IGB101---A3
[UnityMemory] Configuration Parameters - Can be set up in boot.config
    "memorysetup-temp-allocator-size-nav-mesh-worker=65536"
    "memorysetup-temp-allocator-size-audio-worker=65536"
    "memorysetup-temp-allocator-size-gfx=262144"
    "memorysetup-allocator-temp-initial-block-size-main=262144"
    "memorysetup-allocator-temp-initial-block-size-worker=262144"
    "memorysetup-temp-allocator-size-background-worker=32768"
    "memorysetup-temp-allocator-size-job-worker=262144"
    "memorysetup-temp-allocator-size-preload-manager=33554432"
    "memorysetup-temp-allocator-size-gi-baking-worker=262144"
    "memorysetup-temp-allocator-size-gi-baking-worker=262144"
    "memorysetup-temp-allocator-size-gi-baking-worker=262144"
    "memorysetup-temp-allocator-size-gi-baking-worker=262144"
    "memorysetup-temp-allocator-size-gi-baking-worker=262144"
    "memorysetup-bucket-allocator-granularity=16"
    "memorysetup-bucket-allocator-bucket-count=8"
    "memorysetup-bucket-allocator-block-size=33554432"
    "memorysetup-bucket-allocator-block-count=8"
    "memorysetup-main-allocator-block-size=16777216"
    "memorysetup-thread-allocator-block-size=16777216"
    "memorysetup-gfx-main-allocator-block-size=16777216"
    "memorysetup-gfx-thread-allocator-block-size=16777216"
    "memorysetup-cache-allocator-block-size=4194304"
    "memorysetup-typetree-allocator-block-size=2097152"
    "memorysetup-profiler-bucket-allocator-granularity=16"
    "memorysetup-profiler-bucket-allocator-bucket-count=8"
    "memorysetup-profiler-bucket-allocator-block-size=33554432"
    "memorysetup-profiler-bucket-allocator-block-count=8"
    "memorysetup-profiler-allocator-block-size=16777216"
    "memorysetup-profiler-editor-allocator-block-size=1048576"
    "memorysetup-temp-allocator-size-main=16777216"
    "memorysetup-job-temp-allocator-block-size=2097152"
    "memorysetup-job-temp-allocator-block-size-background=1048576"
    "memorysetup-job-temp-allocator-reduction-small-platforms=262144"
    "memorysetup-temp-allocator-size-cloud-worker=32768"
Player connection [32556]  Target information:

Player connection [32556]  * "[IP] 10.88.39.247 [Port] 0 [Flags] 2 [Guid] 3392051008 [EditorId] 3392051008 [Version] 1048832 [Id] WindowsEditor(7,floolf) [Debug] 1 [PackageName] WindowsEditor [ProjectName] Editor" 

Player connection [32556] Host joined multi-casting on [225.0.0.222:54997]...
Player connection [32556] Host joined alternative multi-casting on [225.0.0.222:34997]...
JobSystem: Creating JobQueue using job-worker-count value 5
Input System module state changed to: Initialized.
[Physics::Module] Initialized fallback backend.
[Physics::Module] Id: 0xdecafbad
Library Redirect Path: Library/
[Physics::Module] Selected backend.
[Physics::Module] Name: PhysX
[Physics::Module] Id: 0xf2b8ea05
[Physics::Module] SDK Version: 4.1.2
[Physics::Module] Integration Version: 1.0.0
[Physics::Module] Threading Mode: Multi-Threaded
Refreshing native plugins compatible for Editor in 667.55 ms, found 4 plugins.
Preloading 0 native plugins for Editor in 0.00 ms.
Initialize engine version: 6000.3.15f1 (c1aa84e375f6)
[Subsystems] Discovering subsystems at path D:/Unity/6000.3.15f1/Editor/Data/Resources/UnitySubsystems
[Subsystems] Discovering subsystems at path D:/Github/IGB101---A3/Assets
GfxDevice: creating device client; kGfxThreadingModeNonThreaded
Direct3D:
    Version:  Direct3D 11.0 [level 11.1]
    Renderer: Intel(R) Iris(R) Xe Graphics (ID=0xa7a1)
    Vendor:   Intel
    VRAM:     8043 MB
    Driver:   32.0.101.6989
Initialize mono
Mono path[0] = 'D:/Unity/6000.3.15f1/Editor/Data/Managed'
Mono path[1] = 'D:/Unity/6000.3.15f1/Editor/Data/MonoBleedingEdge/lib/mono/unityjit-win32'
Mono config path = 'D:/Unity/6000.3.15f1/Editor/Data/MonoBleedingEdge/etc'
Using monoOptions --debugger-agent=transport=dt_socket,embedding=1,server=y,suspend=n,address=127.0.0.1:56356
Begin MonoManager ReloadAssembly
Registering precompiled unity dll's ...
Register platform support module: D:/Unity/6000.3.15f1/Editor/Data/PlaybackEngines/WindowsStandaloneSupport/UnityEditor.WindowsStandalone.Extensions.dll
Registered in 0.098100 seconds.
- Loaded All Assemblies, in  3.187 seconds
Native extension for WindowsStandalone target not found
Package Manager log level set to [2]
[Package Manager] Failed to launch server process. Reason: Unity was launched with the -noUpm command-line argument
[Package Manager] Unable to send message (not connected to server process).
[Package Manager] Cannot connect to Unity Package Manager local server
ScheduleIndexationOnStartup MainProcess:False IndexOnStartup:True
Mono: successfully reloaded assembly
- Finished resetting the current domain, in  2.524 seconds
Domain Reload Profiling: 5712ms
	BeginReloadAssembly (2478ms)
		ExecutionOrderSort (0ms)
		DisableScriptedObjects (0ms)
		BackupInstance (0ms)
		ReleaseScriptingObjects (0ms)
		CreateAndSetChildDomain (1ms)
	RebuildCommonClasses (51ms)
	RebuildNativeTypeToScriptingClass (17ms)
	initialDomainReloadingComplete (162ms)
	LoadAllAssembliesAndSetupDomain (478ms)
		LoadAssemblies (2477ms)
		RebuildTransferFunctionScriptingTraits (0ms)
		AnalyzeDomain (473ms)
			TypeCache.Refresh (469ms)
				TypeCache.ScanAssembly (444ms)
			BuildScriptInfoCaches (0ms)
			ResolveRequiredComponents (1ms)
	FinalizeReload (2525ms)
		ReleaseScriptCaches (0ms)
		RebuildScriptCaches (0ms)
		SetupLoadedEditorAssemblies (2444ms)
			LogAssemblyErrors (0ms)
			InitializePlatformSupportModulesInManaged (81ms)
			SetLoadedEditorAssemblies (7ms)
			BeforeProcessingInitializeOnLoad (171ms)
			ProcessInitializeOnLoadAttributes (227ms)
			ProcessInitializeOnLoadMethodAttributes (1958ms)
			AfterProcessingInitializeOnLoad (0ms)
			EditorAssembliesLoaded (1ms)
		ExecutionOrderSort2 (0ms)
		AwakeInstancesAfterBackupRestoration (0ms)
========================================================================
Worker process is ready to serve import requests
Import Worker Mode flag is 0x00
Begin MonoManager ReloadAssembly
[Licensing::Module] Licensing is not yet initialized.
[Licensing::Client] Error: HandshakeResponse reported an error:
	ResponseCode: 505
	ResponseStatus: Unsupported protocol version '1.18.1'.
[Licensing::Module] Error: Failed to handshake to channel: "LicenseClient-leafy"
[Licensing::IpcConnector] LicenseClient-leafy channel disconnected successfully.
[Licensing::IpcConnector] Successfully connected to: "LicenseClient-leafy-6000.3.15" at "2026-05-27T06:37:53.862353Z"
[Licensing::Client] Code 10 while verifying Licensing Client signature (process Id: 21080, path: "D:/Unity/6000.3.15f1/Editor/Data/Resources/Licensing/Client/Unity.Licensing.Client.exe")
[Licensing::Module] LicensingClient has failed validation; ignoring
[Licensing::Client] Handshaking with LicensingClient:
  Version:                 1.18.1+9fbee8e
  Session Id:              4112f59fa8674fa3aa24c5ac5c8ba37e
  Correlation Id:          36fd5ae3d81390d56cde992ff7cfb321
  External correlation Id: 4787165991211197258
  Machine Id:              I9PH9Thx+NSnaOsbEDmNzypGoRo=
[Licensing::Module] Successfully connected to LicensingClient on channel: "LicenseClient-leafy-6000.3.15" (connect: 0.00s, validation: 0.00s, handshake: 0.07s)
[Licensing::IpcConnector] Successfully connected to: "LicenseClient-leafy-6000.3.15-notifications" at "2026-05-27T06:37:53.9356474Z"
[Licensing::Module] Licensing Background thread has ended after 18.01s
[Licensing::Module] Licensing is initialized (took 3.26s).
[Licensing::Client] Successfully resolved entitlement details
[Licensing::Module] License group:
  Id: 16768080950810-UnityPersXXXX
  Product: Unity Personal
  Type: Assigned
  Expiration: Unlimited
- Loaded All Assemblies, in  9.392 seconds
Refreshing native plugins compatible for Editor in 124.96 ms, found 4 plugins.
Native extension for WindowsStandalone target not found
[Package Manager] Failed to launch server process. Reason: Unity was launched with the -noUpm command-line argument
[Package Manager] Unable to send message (not connected to server process).
[Package Manager] Cannot connect to Unity Package Manager local server
Refreshing native plugins compatible for Editor in 1.16 ms, found 4 plugins.
[Package Manager] Failed to launch server process. Reason: Unity was launched with the -noUpm command-line argument
[Package Manager] Unable to send message (not connected to server process).
[Package Manager] Cannot connect to Unity Package Manager local server
[MODES] ModeService[none].Initialize
[MODES] ModeService[none].LoadModes
[MODES] Loading mode Default (0) for mode-current-id-IGB101_Group12
ScheduleIndexationOnStartup MainProcess:False IndexOnStartup:True
Mono: successfully reloaded assembly
- Finished resetting the current domain, in  6.007 seconds
Domain Reload Profiling: 15398ms
	BeginReloadAssembly (3717ms)
		ExecutionOrderSort (0ms)
		DisableScriptedObjects (36ms)
		BackupInstance (0ms)
		ReleaseScriptingObjects (0ms)
		CreateAndSetChildDomain (51ms)
	RebuildCommonClasses (78ms)
	RebuildNativeTypeToScriptingClass (25ms)
	initialDomainReloadingComplete (80ms)
	LoadAllAssembliesAndSetupDomain (5490ms)
		LoadAssemblies (5180ms)
		RebuildTransferFunctionScriptingTraits (0ms)
		AnalyzeDomain (573ms)
			TypeCache.Refresh (404ms)
				TypeCache.ScanAssembly (371ms)
			BuildScriptInfoCaches (143ms)
			ResolveRequiredComponents (18ms)
	FinalizeReload (6008ms)
		ReleaseScriptCaches (0ms)
		RebuildScriptCaches (0ms)
		SetupLoadedEditorAssemblies (1140ms)
			LogAssemblyErrors (0ms)
			InitializePlatformSupportModulesInManaged (1ms)
			SetLoadedEditorAssemblies (4ms)
			BeforeProcessingInitializeOnLoad (140ms)
			ProcessInitializeOnLoadAttributes (798ms)
			ProcessInitializeOnLoadMethodAttributes (192ms)
			AfterProcessingInitializeOnLoad (3ms)
			EditorAssembliesLoaded (0ms)
		ExecutionOrderSort2 (0ms)
		AwakeInstancesAfterBackupRestoration (17ms)
Launched and connected shader compiler UnityShaderCompiler.exe after 0.62 seconds
Refreshing native plugins compatible for Editor in 1.35 ms, found 4 plugins.
Preloading 0 native plugins for Editor in 0.00 ms.
Unloading 66 Unused Serialized files (Serialized files now loaded: 0)
Unloading 6885 unused Assets / (12.4 MB). Loaded Objects now: 7614.
Memory consumption went from 161.6 MB to 149.2 MB.
Total: 10.331300 ms (FindLiveObjects: 0.543100 ms CreateObjectMapping: 0.341800 ms MarkObjects: 4.129300 ms  DeleteObjects: 5.316000 ms)

========================================================================
Received Import Request.
  Time since last request: 353709.421533 seconds.
  path: Assets/James/Scenes/FinalMuseum.unity
  artifactKey: Guid(74728903f322a58459e1d38cba46ab49) Importer(2089858483,b0f066a214c2f5e87bad3c948f4d605d)
Start importing Assets/James/Scenes/FinalMuseum.unity using Guid(74728903f322a58459e1d38cba46ab49) Importer(2089858483,b0f066a214c2f5e87bad3c948f4d605d) (ScriptedImporter) -> (artifact id: '268bd056b2b317e8947794cc07ad937c') in 0.226865 seconds
Number of updated asset objects reloaded before import = 0Number of asset objects unloaded after import = 1

========================================================================
Received Import Request.
  Time since last request: 4.562537 seconds.
  path: Assets/James/Surreal-Skyboxes/Textures/artic_ice.png
  artifactKey: Guid(3e1adfff0307a7240abb6111aab73277) Importer(815301076,1909f56bfc062723c751e8b465ee728b)
Start importing Assets/James/Surreal-Skyboxes/Textures/artic_ice.png using Guid(3e1adfff0307a7240abb6111aab73277) Importer(815301076,1909f56bfc062723c751e8b465ee728b) (PreviewImporter) -> (artifact id: '0e7544887323e0ba7bc92af02d0b22ba') in 0.1710959 seconds
Number of updated asset objects reloaded before import = 0Number of asset objects unloaded after import = 2

========================================================================
Received Import Request.
  Time since last request: 0.215193 seconds.
  path: Assets/James/Surreal-Skyboxes/Textures
  artifactKey: Guid(d5a4cf568ffe6104abc0887a7b4fdc67) Importer(815301076,1909f56bfc062723c751e8b465ee728b)
Start importing Assets/James/Surreal-Skyboxes/Textures using Guid(d5a4cf568ffe6104abc0887a7b4fdc67) Importer(815301076,1909f56bfc062723c751e8b465ee728b) (PreviewImporter) -> (artifact id: '8a3e8e497e044fe26482ff9e8c04a1c0') in 0.00108 seconds
Number of updated asset objects reloaded before import = 0Number of asset objects unloaded after import = 0

========================================================================
Received Import Request.
  Time since last request: 0.000020 seconds.
  path: Assets/James/Surreal-Skyboxes/Textures/desert.png
  artifactKey: Guid(90f7e1063fd42eb4fb38ff9235e95fda) Importer(815301076,1909f56bfc062723c751e8b465ee728b)
Start importing Assets/James/Surreal-Skyboxes/Textures/desert.png using Guid(90f7e1063fd42eb4fb38ff9235e95fda) Importer(815301076,1909f56bfc062723c751e8b465ee728b) (PreviewImporter) -> (artifact id: '7c21854834e8e44ab75b735181b005d8') in 0.3728351 seconds
Number of updated asset objects reloaded before import = 0Number of asset objects unloaded after import = 2

========================================================================
Received Import Request.
  Time since last request: 0.000054 seconds.
  path: Assets/James/Surreal-Skyboxes/Textures/mushrooms_night.png
  artifactKey: Guid(e344707b96f68c64fa5d2978e4b28a71) Importer(815301076,1909f56bfc062723c751e8b465ee728b)
Start importing Assets/James/Surreal-Skyboxes/Textures/mushrooms_night.png using Guid(e344707b96f68c64fa5d2978e4b28a71) Importer(815301076,1909f56bfc062723c751e8b465ee728b) (PreviewImporter) -> (artifact id: 'b43db155ea092e322e5b81197ad2bdf8') in 0.5831484 seconds
Number of updated asset objects reloaded before import = 0Number of asset objects unloaded after import = 2

========================================================================
Received Import Request.
  Time since last request: 0.000051 seconds.
  path: Assets/James/Surreal-Skyboxes/Textures/mountains_art.png
  artifactKey: Guid(2c04546403e61614db4992e1b462bd75) Importer(815301076,1909f56bfc062723c751e8b465ee728b)
Start importing Assets/James/Surreal-Skyboxes/Textures/mountains_art.png using Guid(2c04546403e61614db4992e1b462bd75) Importer(815301076,1909f56bfc062723c751e8b465ee728b) (PreviewImporter) -> (artifact id: '71c5ed36be208c33fe08344a5450198a') in 0.1861715 seconds
Number of updated asset objects reloaded before import = 0Number of asset objects unloaded after import = 2

========================================================================
Received Import Request.
  Time since last request: 0.000039 seconds.
  path: Assets/James/Surreal-Skyboxes/Textures/hills_art_sunset.png
  artifactKey: Guid(2ff6b257c27ece146a7559147047573f) Importer(815301076,1909f56bfc062723c751e8b465ee728b)
Start importing Assets/James/Surreal-Skyboxes/Textures/hills_art_sunset.png using Guid(2ff6b257c27ece146a7559147047573f) Importer(815301076,1909f56bfc062723c751e8b465ee728b) (PreviewImporter) -> (artifact id: '5274e5cce856ea36e66599f8977485c6') in 0.1559653 seconds
Number of updated asset objects reloaded before import = 0Number of asset objects unloaded after import = 2

========================================================================
Received Import Request.
  Time since last request: 0.000039 seconds.
  path: Assets/James/Surreal-Skyboxes/Textures/forest_sunset.png
  artifactKey: Guid(5b32a95f3f659b249bd26c3d6df31566) Importer(815301076,1909f56bfc062723c751e8b465ee728b)
Start importing Assets/James/Surreal-Skyboxes/Textures/forest_sunset.png using Guid(5b32a95f3f659b249bd26c3d6df31566) Importer(815301076,1909f56bfc062723c751e8b465ee728b) (PreviewImporter) -> (artifact id: 'c8f6494e2e4d640f63d469044ce119bf') in 0.1854317 seconds
Number of updated asset objects reloaded before import = 0Number of asset objects unloaded after import = 2

========================================================================
Received Import Request.
  Time since last request: 0.000033 seconds.
  path: Assets/James/Surreal-Skyboxes/Textures/hills_art.png
  artifactKey: Guid(98030ee2070d1f040a6a59264ad67e4d) Importer(815301076,1909f56bfc062723c751e8b465ee728b)
Start importing Assets/James/Surreal-Skyboxes/Textures/hills_art.png using Guid(98030ee2070d1f040a6a59264ad67e4d) Importer(815301076,1909f56bfc062723c751e8b465ee728b) (PreviewImporter) -> (artifact id: '76406d60ab02a05b59e257e5a7ea1204') in 0.0844357 seconds
Number of updated asset objects reloaded before import = 0Number of asset objects unloaded after import = 2

========================================================================
Received Import Request.
  Time since last request: 0.000026 seconds.
  path: Assets/James/Surreal-Skyboxes/Textures/snow_village_night.png
  artifactKey: Guid(a2a113ff203270e47b2df50df03926b0) Importer(815301076,1909f56bfc062723c751e8b465ee728b)
Start importing Assets/James/Surreal-Skyboxes/Textures/snow_village_night.png using Guid(a2a113ff203270e47b2df50df03926b0) Importer(815301076,1909f56bfc062723c751e8b465ee728b) (PreviewImporter) -> (artifact id: 'c9e1a52b019090c22b0196da1169128f') in 0.1811575 seconds
Number of updated asset objects reloaded before import = 0Number of asset objects unloaded after import = 2

========================================================================
Received Import Request.
  Time since last request: 0.000044 seconds.
  path: Assets/James/Surreal-Skyboxes/Textures/mountains.png
  artifactKey: Guid(c1b3f05ec067f72458eacb8c7634db29) Importer(815301076,1909f56bfc062723c751e8b465ee728b)
Start importing Assets/James/Surreal-Skyboxes/Textures/mountains.png using Guid(c1b3f05ec067f72458eacb8c7634db29) Importer(815301076,1909f56bfc062723c751e8b465ee728b) (PreviewImporter) -> (artifact id: '7c42d5fe2f441f84cddd7d965cef6156') in 0.3128553 seconds
Number of updated asset objects reloaded before import = 0Number of asset objects unloaded after import = 2

========================================================================
Received Import Request.
  Time since last request: 19.619470 seconds.
  path: Assets/James/Surreal-Skyboxes/Artic.mat
  artifactKey: Guid(44aafc914da1f22419757ced62eb246b) Importer(815301076,1909f56bfc062723c751e8b465ee728b)
Start importing Assets/James/Surreal-Skyboxes/Artic.mat using Guid(44aafc914da1f22419757ced62eb246b) Importer(815301076,1909f56bfc062723c751e8b465ee728b) (PreviewImporter) -> (artifact id: '10b6466137ce3de246ba7bde9e3891c7') in 2.1880079 seconds
Number of updated asset objects reloaded before import = 0Number of asset objects unloaded after import = 4

========================================================================
Received Import Request.
  Time since last request: 0.000041 seconds.
  path: Assets/James/Surreal-Skyboxes/Mountains_Art.mat
  artifactKey: Guid(fccbea1ade85a4c4fbadc1211f820160) Importer(815301076,1909f56bfc062723c751e8b465ee728b)
Start importing Assets/James/Surreal-Skyboxes/Mountains_Art.mat using Guid(fccbea1ade85a4c4fbadc1211f820160) Importer(815301076,1909f56bfc062723c751e8b465ee728b) (PreviewImporter) -> (artifact id: '37729dce6d3e59b5a9bbb6c338e679ca') in 0.022674 seconds
Number of updated asset objects reloaded before import = 0Number of asset objects unloaded after import = 1

========================================================================
Received Import Request.
  Time since last request: 0.000052 seconds.
  path: Assets/James/Surreal-Skyboxes/Cyberspace.mat
  artifactKey: Guid(90038f618ca22c0429c5c6bd762d33f9) Importer(815301076,1909f56bfc062723c751e8b465ee728b)
Start importing Assets/James/Surreal-Skyboxes/Cyberspace.mat using Guid(90038f618ca22c0429c5c6bd762d33f9) Importer(815301076,1909f56bfc062723c751e8b465ee728b) (PreviewImporter) -> (artifact id: '005e11af899500951fa00adf3424e0d6') in 0.0454982 seconds
Number of updated asset objects reloaded before import = 0Number of asset objects unloaded after import = 1

========================================================================
Received Import Request.
  Time since last request: 2.191814 seconds.
  path: Assets/James/Surreal-Skyboxes/Mushroom_Night.mat
  artifactKey: Guid(e6ddc7ed8351a9f4188735561905e72e) Importer(815301076,1909f56bfc062723c751e8b465ee728b)
Start importing Assets/James/Surreal-Skyboxes/Mushroom_Night.mat using Guid(e6ddc7ed8351a9f4188735561905e72e) Importer(815301076,1909f56bfc062723c751e8b465ee728b) (PreviewImporter) -> (artifact id: 'ace506e5883ffaf5e210966f38e7f711') in 0.1042892 seconds
Number of updated asset objects reloaded before import = 0Number of asset objects unloaded after import = 1

========================================================================
Received Import Request.
  Time since last request: 0.000034 seconds.
  path: Assets/James/Surreal-Skyboxes/Space.mat
  artifactKey: Guid(7f6130ccef6198f4394f67c377133ce6) Importer(815301076,1909f56bfc062723c751e8b465ee728b)
Start importing Assets/James/Surreal-Skyboxes/Space.mat using Guid(7f6130ccef6198f4394f67c377133ce6) Importer(815301076,1909f56bfc062723c751e8b465ee728b) (PreviewImporter) -> (artifact id: '78003c872973b77994df06b5797d4840') in 0.1178756 seconds
Number of updated asset objects reloaded before import = 0Number of asset objects unloaded after import = 1

========================================================================
Received Import Request.
  Time since last request: 4.785247 seconds.
  path: Assets/James/Surreal-Skyboxes/Storm.mat
  artifactKey: Guid(55126252545521f429612360a381570a) Importer(815301076,1909f56bfc062723c751e8b465ee728b)
Start importing Assets/James/Surreal-Skyboxes/Storm.mat using Guid(55126252545521f429612360a381570a) Importer(815301076,1909f56bfc062723c751e8b465ee728b) (PreviewImporter) -> (artifact id: '2e3450956bea7c5a7c2a53d5d6090f4d') in 0.0125013 seconds
Number of updated asset objects reloaded before import = 0Number of asset objects unloaded after import = 1

========================================================================
Received Import Request.
  Time since last request: 83.183492 seconds.
  path: Assets/James/Scenes/FinalMuseum.unity
  artifactKey: Guid(74728903f322a58459e1d38cba46ab49) Importer(2089858483,b0f066a214c2f5e87bad3c948f4d605d)
Start importing Assets/James/Scenes/FinalMuseum.unity using Guid(74728903f322a58459e1d38cba46ab49) Importer(2089858483,b0f066a214c2f5e87bad3c948f4d605d) (ScriptedImporter) -> (artifact id: '092c3eeca293ac16b5a5b624d42da3f6') in 0.1382858 seconds
Number of updated asset objects reloaded before import = 0Number of asset objects unloaded after import = 1

========================================================================
Received Import Request.
  Time since last request: 53.426658 seconds.
  path: Assets/James/Scenes/FinalMuseum.unity
  artifactKey: Guid(74728903f322a58459e1d38cba46ab49) Importer(2089858483,b0f066a214c2f5e87bad3c948f4d605d)
Start importing Assets/James/Scenes/FinalMuseum.unity using Guid(74728903f322a58459e1d38cba46ab49) Importer(2089858483,b0f066a214c2f5e87bad3c948f4d605d) (ScriptedImporter) -> (artifact id: '9568eb9562a132515588bdb2dcb7fef1') in 0.0712691 seconds
Number of updated asset objects reloaded before import = 0Number of asset objects unloaded after import = 1

========================================================================
Received Import Request.
  Time since last request: 10.380987 seconds.
  path: Assets/James/Scenes/FinalMuseum.unity
  artifactKey: Guid(74728903f322a58459e1d38cba46ab49) Importer(2089858483,b0f066a214c2f5e87bad3c948f4d605d)
Start importing Assets/James/Scenes/FinalMuseum.unity using Guid(74728903f322a58459e1d38cba46ab49) Importer(2089858483,b0f066a214c2f5e87bad3c948f4d605d) (ScriptedImporter) -> (artifact id: '65ad33cc4dace4de0310237bbbe5405a') in 0.0882868 seconds
Number of updated asset objects reloaded before import = 0Number of asset objects unloaded after import = 1

========================================================================
Received Import Request.
  Time since last request: 45.878951 seconds.
  path: Assets/James/Scenes/FinalMuseum.unity
  artifactKey: Guid(74728903f322a58459e1d38cba46ab49) Importer(2089858483,b0f066a214c2f5e87bad3c948f4d605d)
Start importing Assets/James/Scenes/FinalMuseum.unity using Guid(74728903f322a58459e1d38cba46ab49) Importer(2089858483,b0f066a214c2f5e87bad3c948f4d605d) (ScriptedImporter) -> (artifact id: 'ab732d9f3ee4175115d7f47689a67614') in 0.0539377 seconds
Number of updated asset objects reloaded before import = 0Number of asset objects unloaded after import = 1

