Using pre-set license
Built from '6000.0/staging' branch; Version is '6000.0.40f1 (157d81624ddf) revision 1408385'; Using compiler version '193933523'; Build Type 'Release'
OS: 'Windows 10  (10.0.19045) 64bit Core' Language: 'en' Physical Memory: 32661 MB
BatchMode: 1, IsHumanControllingUs: 0, StartBugReporterOnCrash: 0, Is64bit: 1, IsPro: 1

COMMAND LINE ARGUMENTS:
C:\Program Files\Unity\Hub\Editor\6000.0.40f1\Editor\Unity.exe
-adb2
-batchMode
-noUpm
-name
AssetImportWorker0
-projectPath
C:/Users/Natasha/Documents/GitHub/IGB101---A3
-logFile
Logs/AssetImportWorker0.log
-srvPort
54220
-job-worker-count
5
-background-job-worker-count
8
-gc-helper-count
1
Successfully changed project path to: C:/Users/Natasha/Documents/GitHub/IGB101---A3
C:/Users/Natasha/Documents/GitHub/IGB101---A3
[UnityMemory] Configuration Parameters - Can be set up in boot.config
    "memorysetup-bucket-allocator-granularity=16"
    "memorysetup-bucket-allocator-bucket-count=8"
    "memorysetup-bucket-allocator-block-size=33554432"
    "memorysetup-bucket-allocator-block-count=8"
    "memorysetup-main-allocator-block-size=16777216"
    "memorysetup-thread-allocator-block-size=16777216"
    "memorysetup-gfx-main-allocator-block-size=16777216"
    "memorysetup-gfx-thread-allocator-block-size=16777216"
    "memorysetup-cache-allocator-block-size=4194304"
    "memorysetup-typetree-allocator-block-size=2097152"
    "memorysetup-profiler-bucket-allocator-granularity=16"
    "memorysetup-profiler-bucket-allocator-bucket-count=8"
    "memorysetup-profiler-bucket-allocator-block-size=33554432"
    "memorysetup-profiler-bucket-allocator-block-count=8"
    "memorysetup-profiler-allocator-block-size=16777216"
    "memorysetup-profiler-editor-allocator-block-size=1048576"
    "memorysetup-temp-allocator-size-main=16777216"
    "memorysetup-job-temp-allocator-block-size=2097152"
    "memorysetup-job-temp-allocator-block-size-background=1048576"
    "memorysetup-job-temp-allocator-reduction-small-platforms=262144"
    "memorysetup-allocator-temp-initial-block-size-main=262144"
    "memorysetup-allocator-temp-initial-block-size-worker=262144"
    "memorysetup-temp-allocator-size-background-worker=32768"
    "memorysetup-temp-allocator-size-job-worker=262144"
    "memorysetup-temp-allocator-size-preload-manager=33554432"
    "memorysetup-temp-allocator-size-nav-mesh-worker=65536"
    "memorysetup-temp-allocator-size-audio-worker=65536"
    "memorysetup-temp-allocator-size-cloud-worker=32768"
    "memorysetup-temp-allocator-size-gi-baking-worker=262144"
    "memorysetup-temp-allocator-size-gi-baking-worker=262144"
    "memorysetup-temp-allocator-size-gi-baking-worker=262144"
    "memorysetup-temp-allocator-size-gi-baking-worker=262144"
    "memorysetup-temp-allocator-size-gi-baking-worker=262144"
    "memorysetup-temp-allocator-size-gfx=262144"
Player connection [34440]  Target information:

Player connection [34440]  * "[IP] 172.16.1.40 [Port] 0 [Flags] 2 [Guid] 3495642981 [EditorId] 3495642981 [Version] 1048832 [Id] WindowsEditor(7,DESKTOP-1LGBNF2) [Debug] 1 [PackageName] WindowsEditor [ProjectName] Editor" 

Player connection [34440] Host joined multi-casting on [225.0.0.222:54997]...
Player connection [34440] Host joined alternative multi-casting on [225.0.0.222:34997]...
JobSystem: Creating JobQueue using job-worker-count value 5
Input System module state changed to: Initialized.
[Physics::Module] Initialized fallback backend.
[Physics::Module] Id: 0xdecafbad
Library Redirect Path: Library/
[Physics::Module] Selected backend.
[Physics::Module] Name: PhysX
[Physics::Module] Id: 0xf2b8ea05
[Physics::Module] SDK Version: 4.1.2
[Physics::Module] Integration Version: 1.0.0
[Physics::Module] Threading Mode: Multi-Threaded
Refreshing native plugins compatible for Editor in 2.22 ms, found 3 plugins.
Preloading 0 native plugins for Editor in 0.00 ms.
Initialize engine version: 6000.0.40f1 (157d81624ddf)
[Subsystems] Discovering subsystems at path C:/Program Files/Unity/Hub/Editor/6000.0.40f1/Editor/Data/Resources/UnitySubsystems
[Subsystems] Discovering subsystems at path C:/Users/Natasha/Documents/GitHub/IGB101---A3/Assets
GfxDevice: creating device client; kGfxThreadingModeNonThreaded
Direct3D:
    Version:  Direct3D 11.0 [level 11.1]
    Renderer: NVIDIA GeForce RTX 5060 (ID=0x2d05)
    Vendor:   NVIDIA
    VRAM:     7896 MB
    Driver:   32.0.15.9571
Initialize mono
Mono path[0] = 'C:/Program Files/Unity/Hub/Editor/6000.0.40f1/Editor/Data/Managed'
Mono path[1] = 'C:/Program Files/Unity/Hub/Editor/6000.0.40f1/Editor/Data/MonoBleedingEdge/lib/mono/unityjit-win32'
Mono config path = 'C:/Program Files/Unity/Hub/Editor/6000.0.40f1/Editor/Data/MonoBleedingEdge/etc'
Using monoOptions --debugger-agent=transport=dt_socket,embedding=1,server=y,suspend=n,address=127.0.0.1:56804
Begin MonoManager ReloadAssembly
Registering precompiled unity dll's ...
Register platform support module: C:/Program Files/Unity/Hub/Editor/6000.0.40f1/Editor/Data/PlaybackEngines/WindowsStandaloneSupport/UnityEditor.WindowsStandalone.Extensions.dll
Registered in 0.004675 seconds.
- Loaded All Assemblies, in  0.435 seconds
Native extension for WindowsStandalone target not found
Mono: successfully reloaded assembly
- Finished resetting the current domain, in  0.347 seconds
Domain Reload Profiling: 779ms
	BeginReloadAssembly (151ms)
		ExecutionOrderSort (0ms)
		DisableScriptedObjects (0ms)
		BackupInstance (0ms)
		ReleaseScriptingObjects (0ms)
		CreateAndSetChildDomain (1ms)
	RebuildCommonClasses (40ms)
	RebuildNativeTypeToScriptingClass (15ms)
	initialDomainReloadingComplete (59ms)
	LoadAllAssembliesAndSetupDomain (165ms)
		LoadAssemblies (147ms)
		RebuildTransferFunctionScriptingTraits (0ms)
		AnalyzeDomain (162ms)
			TypeCache.Refresh (160ms)
				TypeCache.ScanAssembly (147ms)
			BuildScriptInfoCaches (0ms)
			ResolveRequiredComponents (0ms)
	FinalizeReload (347ms)
		ReleaseScriptCaches (0ms)
		RebuildScriptCaches (0ms)
		SetupLoadedEditorAssemblies (298ms)
			LogAssemblyErrors (0ms)
			InitializePlatformSupportModulesInManaged (27ms)
			SetLoadedEditorAssemblies (4ms)
			BeforeProcessingInitializeOnLoad (55ms)
			ProcessInitializeOnLoadAttributes (154ms)
			ProcessInitializeOnLoadMethodAttributes (57ms)
			AfterProcessingInitializeOnLoad (0ms)
			EditorAssembliesLoaded (0ms)
		ExecutionOrderSort2 (0ms)
		AwakeInstancesAfterBackupRestoration (0ms)
========================================================================
Worker process is ready to serve import requests
Import Worker Mode flag is 0x00
Begin MonoManager ReloadAssembly
- Loaded All Assemblies, in  0.890 seconds
Refreshing native plugins compatible for Editor in 1.31 ms, found 3 plugins.
Native extension for WindowsStandalone target not found
[MODES] ModeService[none].Initialize
[MODES] ModeService[none].LoadModes
[MODES] Loading mode Default (0) for mode-current-id-My project
Mono: successfully reloaded assembly
- Finished resetting the current domain, in  0.850 seconds
Domain Reload Profiling: 1732ms
	BeginReloadAssembly (196ms)
		ExecutionOrderSort (0ms)
		DisableScriptedObjects (7ms)
		BackupInstance (0ms)
		ReleaseScriptingObjects (0ms)
		CreateAndSetChildDomain (36ms)
	RebuildCommonClasses (38ms)
	RebuildNativeTypeToScriptingClass (11ms)
	initialDomainReloadingComplete (44ms)
	LoadAllAssembliesAndSetupDomain (593ms)
		LoadAssemblies (431ms)
		RebuildTransferFunctionScriptingTraits (0ms)
		AnalyzeDomain (278ms)
			TypeCache.Refresh (196ms)
				TypeCache.ScanAssembly (180ms)
			BuildScriptInfoCaches (55ms)
			ResolveRequiredComponents (23ms)
	FinalizeReload (851ms)
		ReleaseScriptCaches (0ms)
		RebuildScriptCaches (0ms)
		SetupLoadedEditorAssemblies (677ms)
			LogAssemblyErrors (0ms)
			InitializePlatformSupportModulesInManaged (2ms)
			SetLoadedEditorAssemblies (3ms)
			BeforeProcessingInitializeOnLoad (123ms)
			ProcessInitializeOnLoadAttributes (409ms)
			ProcessInitializeOnLoadMethodAttributes (131ms)
			AfterProcessingInitializeOnLoad (8ms)
			EditorAssembliesLoaded (0ms)
		ExecutionOrderSort2 (0ms)
		AwakeInstancesAfterBackupRestoration (6ms)
Launched and connected shader compiler UnityShaderCompiler.exe after 0.01 seconds
Refreshing native plugins compatible for Editor in 2.26 ms, found 3 plugins.
Preloading 0 native plugins for Editor in 0.00 ms.
Unloading 232 Unused Serialized files (Serialized files now loaded: 0)
Unloading 6508 unused Assets / (6.1 MB). Loaded Objects now: 7213.
Memory consumption went from 170.7 MB to 164.7 MB.
Total: 11.642200 ms (FindLiveObjects: 0.744100 ms CreateObjectMapping: 1.056400 ms MarkObjects: 6.157000 ms  DeleteObjects: 3.683300 ms)

========================================================================
Received Import Request.
  Time since last request: 340075.475500 seconds.
  path: Assets/Materials
  artifactKey: Guid(58ffa73f10c25744889c0a9ae8e2a696) Importer(815301076,1909f56bfc062723c751e8b465ee728b)
Start importing Assets/Materials using Guid(58ffa73f10c25744889c0a9ae8e2a696) Importer(815301076,1909f56bfc062723c751e8b465ee728b) (PreviewImporter) -> (artifact id: 'adf6970029a18f766755e1c81628cfe4') in 0.0059517 seconds
Number of updated asset objects reloaded before import = 0Number of asset objects unloaded after import = 0

========================================================================
Received Prepare
Refreshing native plugins compatible for Editor in 1.87 ms, found 3 plugins.
Preloading 0 native plugins for Editor in 0.00 ms.
Unloading 23 Unused Serialized files (Serialized files now loaded: 0)
Unloading 6499 unused Assets / (5.9 MB). Loaded Objects now: 7215.
Memory consumption went from 135.0 MB to 129.0 MB.
Total: 12.304200 ms (FindLiveObjects: 0.726000 ms CreateObjectMapping: 0.971100 ms MarkObjects: 6.337400 ms  DeleteObjects: 4.268800 ms)

Prepare: number of updated asset objects reloaded= 0
========================================================================
Received Import Request.
  Time since last request: 35.637453 seconds.
  path: Assets/Natasha Cook (n12407950)
  artifactKey: Guid(c4acbadd2abfb6b4486bef51db309abb) Importer(815301076,1909f56bfc062723c751e8b465ee728b)
Start importing Assets/Natasha Cook (n12407950) using Guid(c4acbadd2abfb6b4486bef51db309abb) Importer(815301076,1909f56bfc062723c751e8b465ee728b) (PreviewImporter) -> (artifact id: '4f5f89fa610a25d9862cb8c42c047899') in 0.0098156 seconds
Number of updated asset objects reloaded before import = 0Number of asset objects unloaded after import = 0

========================================================================
Received Import Request.
  Time since last request: 5.444288 seconds.
  path: Assets/Liam/TestProject
  artifactKey: Guid(b3d9717ca9d0ed144b9a6731831fcb20) Importer(815301076,1909f56bfc062723c751e8b465ee728b)
Start importing Assets/Liam/TestProject using Guid(b3d9717ca9d0ed144b9a6731831fcb20) Importer(815301076,1909f56bfc062723c751e8b465ee728b) (PreviewImporter) -> (artifact id: '833ae10b67c8a31b1818a89f881ad159') in 0.0007005 seconds
Number of updated asset objects reloaded before import = 0Number of asset objects unloaded after import = 0

========================================================================
Received Import Request.
  Time since last request: 3.188879 seconds.
  path: Assets/Liam/Resources
  artifactKey: Guid(89a8b6ebbedbed14ba6bb17f7b4dda97) Importer(815301076,1909f56bfc062723c751e8b465ee728b)
Start importing Assets/Liam/Resources using Guid(89a8b6ebbedbed14ba6bb17f7b4dda97) Importer(815301076,1909f56bfc062723c751e8b465ee728b) (PreviewImporter) -> (artifact id: '54f0be0d70ee6c72940d913816f17f6d') in 0.0006462 seconds
Number of updated asset objects reloaded before import = 0Number of asset objects unloaded after import = 0

========================================================================
Received Prepare
Refreshing native plugins compatible for Editor in 1.44 ms, found 3 plugins.
Preloading 0 native plugins for Editor in 0.00 ms.
Unloading 23 Unused Serialized files (Serialized files now loaded: 0)
Unloading 6499 unused Assets / (6.0 MB). Loaded Objects now: 7215.
Memory consumption went from 135.0 MB to 129.0 MB.
Total: 12.546200 ms (FindLiveObjects: 0.746200 ms CreateObjectMapping: 0.966400 ms MarkObjects: 7.011700 ms  DeleteObjects: 3.820400 ms)

Prepare: number of updated asset objects reloaded= 0
========================================================================
Received Import Request.
  Time since last request: 89.252213 seconds.
  path: Assets/Adham White ()
  artifactKey: Guid(5c4b2def1e810d14db1c1029e81384f0) Importer(815301076,1909f56bfc062723c751e8b465ee728b)
Start importing Assets/Adham White () using Guid(5c4b2def1e810d14db1c1029e81384f0) Importer(815301076,1909f56bfc062723c751e8b465ee728b) (PreviewImporter) -> (artifact id: 'f44ee781790b54eba27c271dce1feea7') in 0.0069192 seconds
Number of updated asset objects reloaded before import = 0Number of asset objects unloaded after import = 0

========================================================================
Received Import Request.
  Time since last request: 1.641099 seconds.
  path: Assets/Adham White ()/New Folder
  artifactKey: Guid(fcb6f9e9674893241b77cdd372d90eee) Importer(815301076,1909f56bfc062723c751e8b465ee728b)
Start importing Assets/Adham White ()/New Folder using Guid(fcb6f9e9674893241b77cdd372d90eee) Importer(815301076,1909f56bfc062723c751e8b465ee728b) (PreviewImporter) -> (artifact id: '37f20b09d1ea957d66f7436acd179f46') in 0.0006474 seconds
Number of updated asset objects reloaded before import = 0Number of asset objects unloaded after import = 0

========================================================================
Received Import Request.
  Time since last request: 11.046442 seconds.
  path: Assets/James
  artifactKey: Guid(0bfcb32f8dd9ff24188e283a58bb1c23) Importer(815301076,1909f56bfc062723c751e8b465ee728b)
Start importing Assets/James using Guid(0bfcb32f8dd9ff24188e283a58bb1c23) Importer(815301076,1909f56bfc062723c751e8b465ee728b) (PreviewImporter) -> (artifact id: '72771f541fc45625282eb0f79a9db2f0') in 0.0007143 seconds
Number of updated asset objects reloaded before import = 0Number of asset objects unloaded after import = 0

========================================================================
Received Import Request.
  Time since last request: 26.290213 seconds.
  path: Assets/James (n11048913)
  artifactKey: Guid(0bfcb32f8dd9ff24188e283a58bb1c23) Importer(815301076,1909f56bfc062723c751e8b465ee728b)
Start importing Assets/James (n11048913) using Guid(0bfcb32f8dd9ff24188e283a58bb1c23) Importer(815301076,1909f56bfc062723c751e8b465ee728b) (PreviewImporter) -> (artifact id: '303a69c2ea400c7a14b21b8a5d10d69d') in 0.000634 seconds
Number of updated asset objects reloaded before import = 0Number of asset objects unloaded after import = 0

========================================================================
Received Import Request.
  Time since last request: 10.330969 seconds.
  path: Assets/Liam (n11796171)
  artifactKey: Guid(867afbbe7aa3fb04594435209cafacb9) Importer(815301076,1909f56bfc062723c751e8b465ee728b)
Start importing Assets/Liam (n11796171) using Guid(867afbbe7aa3fb04594435209cafacb9) Importer(815301076,1909f56bfc062723c751e8b465ee728b) (PreviewImporter) -> (artifact id: '9299d3183a1eb4adc38f30c334ee4c62') in 0.0006597 seconds
Number of updated asset objects reloaded before import = 0Number of asset objects unloaded after import = 0

========================================================================
Received Prepare
Refreshing native plugins compatible for Editor in 1.76 ms, found 3 plugins.
Preloading 0 native plugins for Editor in 0.00 ms.
Unloading 23 Unused Serialized files (Serialized files now loaded: 0)
Unloading 6499 unused Assets / (5.7 MB). Loaded Objects now: 7215.
Memory consumption went from 134.9 MB to 129.2 MB.
Total: 13.055300 ms (FindLiveObjects: 0.797300 ms CreateObjectMapping: 1.700900 ms MarkObjects: 6.432300 ms  DeleteObjects: 4.123100 ms)

Prepare: number of updated asset objects reloaded= 0
========================================================================
Received Import Request.
  Time since last request: 45.680431 seconds.
  path: Assets/Liam Riley-Griffiths (n11796171)/Fantasy Skybox FREE
  artifactKey: Guid(0a33f992e13add9438b6e744a7dad662) Importer(815301076,1909f56bfc062723c751e8b465ee728b)
Start importing Assets/Liam Riley-Griffiths (n11796171)/Fantasy Skybox FREE using Guid(0a33f992e13add9438b6e744a7dad662) Importer(815301076,1909f56bfc062723c751e8b465ee728b) (PreviewImporter) -> (artifact id: 'd02a82bf72304f99be5e9e68953372d7') in 0.0069574 seconds
Number of updated asset objects reloaded before import = 0Number of asset objects unloaded after import = 0

========================================================================
Received Import Request.
  Time since last request: 27.477292 seconds.
  path: Assets/Liam Riley-Griffiths (n11796171)
  artifactKey: Guid(867afbbe7aa3fb04594435209cafacb9) Importer(815301076,1909f56bfc062723c751e8b465ee728b)
Start importing Assets/Liam Riley-Griffiths (n11796171) using Guid(867afbbe7aa3fb04594435209cafacb9) Importer(815301076,1909f56bfc062723c751e8b465ee728b) (PreviewImporter) -> (artifact id: '362802b403544c17cb7e44bb8af311e8') in 0.0006215 seconds
Number of updated asset objects reloaded before import = 0Number of asset objects unloaded after import = 0

========================================================================
Received Import Request.
  Time since last request: 67.862536 seconds.
  path: Assets/Adham White (n12684511)
  artifactKey: Guid(5c4b2def1e810d14db1c1029e81384f0) Importer(815301076,1909f56bfc062723c751e8b465ee728b)
Start importing Assets/Adham White (n12684511) using Guid(5c4b2def1e810d14db1c1029e81384f0) Importer(815301076,1909f56bfc062723c751e8b465ee728b) (PreviewImporter) -> (artifact id: '7958221bd8a064a63b6dd5a3da90ddec') in 0.0007026 seconds
Number of updated asset objects reloaded before import = 0Number of asset objects unloaded after import = 0

========================================================================
Received Import Request.
  Time since last request: 6.377596 seconds.
  path: Assets/James Hua (n11048913)
  artifactKey: Guid(0bfcb32f8dd9ff24188e283a58bb1c23) Importer(815301076,1909f56bfc062723c751e8b465ee728b)
Start importing Assets/James Hua (n11048913) using Guid(0bfcb32f8dd9ff24188e283a58bb1c23) Importer(815301076,1909f56bfc062723c751e8b465ee728b) (PreviewImporter) -> (artifact id: 'c4a353fbd14849b044b24b641ce46752') in 0.0006493 seconds
Number of updated asset objects reloaded before import = 0Number of asset objects unloaded after import = 0

